vr/build/outputs/logs/manifest-merger-basic-release-report.txt
-- Merging decision tree log ---
manifest
ADDED from src\main\AndroidManifest.xml:2:1-40:12
INJECTED from src\main\AndroidManifest.xml:2:1-40:12
INJECTED from src\main\AndroidManifest.xml:2:1-40:12
MERGED from [:nibiru_studio_2_6_223:] AndroidManifest.xml:2:1-36:12
MERGED from [com.android.support:appcompat-v7:21.0.3] AndroidManifest.xml:14:4-17:12
MERGED from [com.android.support.constraint:constraint-layout:1.1.2] AndroidManifest.xml:2:1-11:12
MERGED from [com.android.support:support-v4:21.0.3] AndroidManifest.xml:14:4-17:12
INJECTED from src\main\AndroidManifest.xml:2:1-40:12
INJECTED from src\main\AndroidManifest.xml:2:1-40:12
	package
		ADDED from src\main\AndroidManifest.xml:3:5-37
		INJECTED from src\main\AndroidManifest.xml
		INJECTED from src\main\AndroidManifest.xml
	android:versionName
		INJECTED from src\main\AndroidManifest.xml
		ADDED from src\main\AndroidManifest.xml:2:1-40:12
		INJECTED from src\main\AndroidManifest.xml
	xmlns:android
		ADDED from src\main\AndroidManifest.xml:2:11-69
	android:installLocation
		ADDED from src\main\AndroidManifest.xml:4:5-43
uses-permission#android.permission.BLUETOOTH
ADDED from src\main\AndroidManifest.xml:6:5-68
	android:name
		ADDED from src\main\AndroidManifest.xml:6:22-65
uses-permission#android.permission.RECEIVE_BOOT_COMPLETED
ADDED from src\main\AndroidManifest.xml:7:5-81
	android:name
		ADDED from src\main\AndroidManifest.xml:7:22-78
uses-permission#android.permission.WRITE_EXTERNAL_STORAGE
ADDED from src\main\AndroidManifest.xml:8:5-81
	android:name
		ADDED from src\main\AndroidManifest.xml:8:22-78
uses-permission#android.permission.READ_EXTERNAL_STORAGE
ADDED from src\main\AndroidManifest.xml:9:5-80
	android:name
		ADDED from src\main\AndroidManifest.xml:9:22-77
uses-permission#android.permission.INTERNET
ADDED from src\main\AndroidManifest.xml:10:5-67
	android:name
		ADDED from src\main\AndroidManifest.xml:10:22-64
uses-permission#android.permission.WAKE_LOCK
ADDED from src\main\AndroidManifest.xml:12:5-68
	android:name
		ADDED from src\main\AndroidManifest.xml:12:22-65
application
ADDED from src\main\AndroidManifest.xml:13:5-38:19
MERGED from [:nibiru_studio_2_6_223:] AndroidManifest.xml:16:5-34:19
MERGED from [:nibiru_studio_2_6_223:] AndroidManifest.xml:16:5-34:19
MERGED from [com.android.support:appcompat-v7:21.0.3] AndroidManifest.xml:16:5-19
MERGED from [com.android.support:appcompat-v7:21.0.3] AndroidManifest.xml:16:5-19
MERGED from [com.android.support.constraint:constraint-layout:1.1.2] AndroidManifest.xml:9:5-20
MERGED from [com.android.support.constraint:constraint-layout:1.1.2] AndroidManifest.xml:9:5-20
MERGED from [com.android.support:support-v4:21.0.3] AndroidManifest.xml:16:5-19
MERGED from [com.android.support:support-v4:21.0.3] AndroidManifest.xml:16:5-19
	android:supportsRtl
		ADDED from [:nibiru_studio_2_6_223:] AndroidManifest.xml:19:9-35
	android:label
		ADDED from src\main\AndroidManifest.xml:16:9-41
	android:icon
		ADDED from src\main\AndroidManifest.xml:15:9-38
	android:allowBackup
		ADDED from src\main\AndroidManifest.xml:14:9-35
	android:theme
		ADDED from [:nibiru_studio_2_6_223:] AndroidManifest.xml:20:9-73
	android:name
		ADDED from [:nibiru_studio_2_6_223:] AndroidManifest.xml:17:9-54
receiver#com.nibiru.studio.zskx.MyReceiver
ADDED from src\main\AndroidManifest.xml:18:9-25:20
	android:enabled
		ADDED from src\main\AndroidManifest.xml:20:13-35
	android:exported
		ADDED from src\main\AndroidManifest.xml:21:13-36
	android:name
		ADDED from src\main\AndroidManifest.xml:19:13-39
intent-filter#android.intent.action.BOOT_COMPLETED
ADDED from src\main\AndroidManifest.xml:22:13-24:29
	android:priority
		ADDED from src\main\AndroidManifest.xml:22:28-51
action#android.intent.action.BOOT_COMPLETED
ADDED from src\main\AndroidManifest.xml:23:17-79
	android:name
		ADDED from src\main\AndroidManifest.xml:23:25-76
meta-data#LauncherScene
ADDED from src\main\AndroidManifest.xml:27:9-29:61
	android:value
		ADDED from src\main\AndroidManifest.xml:29:13-58
	android:name
		ADDED from src\main\AndroidManifest.xml:28:13-41
meta-data#AllowLoading
ADDED from src\main\AndroidManifest.xml:31:9-33:37
	android:value
		ADDED from src\main\AndroidManifest.xml:33:13-34
	android:name
		ADDED from src\main\AndroidManifest.xml:32:13-40
meta-data#LoadingIcon
ADDED from src\main\AndroidManifest.xml:35:9-37:51
	android:value
		ADDED from src\main\AndroidManifest.xml:37:13-48
	android:name
		ADDED from src\main\AndroidManifest.xml:36:13-39
uses-sdk
INJECTED from src\main\AndroidManifest.xml reason: use-sdk injection requested
INJECTED from src\main\AndroidManifest.xml
INJECTED from src\main\AndroidManifest.xml
MERGED from [:nibiru_studio_2_6_223:] AndroidManifest.xml:7:5-9:41
MERGED from [:nibiru_studio_2_6_223:] AndroidManifest.xml:7:5-9:41
MERGED from [com.android.support:appcompat-v7:21.0.3] AndroidManifest.xml:15:5-42
MERGED from [com.android.support:appcompat-v7:21.0.3] AndroidManifest.xml:15:5-42
MERGED from [com.android.support.constraint:constraint-layout:1.1.2] AndroidManifest.xml:5:5-7:41
MERGED from [com.android.support.constraint:constraint-layout:1.1.2] AndroidManifest.xml:5:5-7:41
MERGED from [com.android.support:support-v4:21.0.3] AndroidManifest.xml:15:5-42
MERGED from [com.android.support:support-v4:21.0.3] AndroidManifest.xml:15:5-42
INJECTED from src\main\AndroidManifest.xml
INJECTED from src\main\AndroidManifest.xml
	android:targetSdkVersion
		INJECTED from src\main\AndroidManifest.xml
		ADDED from src\main\AndroidManifest.xml
		INJECTED from src\main\AndroidManifest.xml
	android:minSdkVersion
		INJECTED from src\main\AndroidManifest.xml
		ADDED from src\main\AndroidManifest.xml
		INJECTED from src\main\AndroidManifest.xml
uses-permission#android.permission.CAMERA
ADDED from [:nibiru_studio_2_6_223:] AndroidManifest.xml:11:5-65
	android:name
		ADDED from [:nibiru_studio_2_6_223:] AndroidManifest.xml:11:22-62
uses-permission#android.permission.MOUNT_UNMOUNT_FILESYSTEMS
ADDED from [:nibiru_studio_2_6_223:] AndroidManifest.xml:12:5-84
	android:name
		ADDED from [:nibiru_studio_2_6_223:] AndroidManifest.xml:12:22-81
uses-permission#android.permission.ACCESS_NETWORK_STATE
ADDED from [:nibiru_studio_2_6_223:] AndroidManifest.xml:13:5-79
	android:name
		ADDED from [:nibiru_studio_2_6_223:] AndroidManifest.xml:13:22-76
uses-permission#android.permission.WRITE_SETTINGS
ADDED from [:nibiru_studio_2_6_223:] AndroidManifest.xml:14:5-73
	android:name
		ADDED from [:nibiru_studio_2_6_223:] AndroidManifest.xml:14:22-70
activity#x.core.XBaseXRActivity
ADDED from [:nibiru_studio_2_6_223:] AndroidManifest.xml:21:9-33:20
	android:screenOrientation
		ADDED from [:nibiru_studio_2_6_223:] AndroidManifest.xml:25:13-50
	android:launchMode
		ADDED from [:nibiru_studio_2_6_223:] AndroidManifest.xml:24:13-44
	android:configChanges
		ADDED from [:nibiru_studio_2_6_223:] AndroidManifest.xml:23:13-119
	android:name
		ADDED from [:nibiru_studio_2_6_223:] AndroidManifest.xml:22:13-50
intent-filter#android.intent.action.MAIN+android.intent.category.LAUNCHER+com.nibiru.intent.category.NVR+com.nibiru.intent.category.STUDIO
ADDED from [:nibiru_studio_2_6_223:] AndroidManifest.xml:26:13-32:29
action#android.intent.action.MAIN
ADDED from [:nibiru_studio_2_6_223:] AndroidManifest.xml:27:17-69
	android:name
		ADDED from [:nibiru_studio_2_6_223:] AndroidManifest.xml:27:25-66
category#android.intent.category.LAUNCHER
ADDED from [:nibiru_studio_2_6_223:] AndroidManifest.xml:29:17-77
	android:name
		ADDED from [:nibiru_studio_2_6_223:] AndroidManifest.xml:29:27-74
category#com.nibiru.intent.category.NVR
ADDED from [:nibiru_studio_2_6_223:] AndroidManifest.xml:30:17-75
	android:name
		ADDED from [:nibiru_studio_2_6_223:] AndroidManifest.xml:30:27-72
category#com.nibiru.intent.category.STUDIO
ADDED from [:nibiru_studio_2_6_223:] AndroidManifest.xml:31:17-78
	android:name
		ADDED from [:nibiru_studio_2_6_223:] AndroidManifest.xml:31:27-75